2016-01-12 07:37:16 INFO (6): Added new  email template #1
2016-01-12 07:37:16 INFO (6): Added new  email template #2
2016-01-12 07:37:16 INFO (6): Added new  email template #3
2016-01-12 07:37:16 INFO (6): Added new  email template #4
2016-01-12 07:37:16 INFO (6): Added new  email template #5
2016-01-12 07:37:16 INFO (6): Added new  email template #6
2016-01-12 07:37:16 INFO (6): Added new  email template #7
2016-01-12 07:37:16 INFO (6): Added new  email template #8
2016-01-12 07:37:16 INFO (6): Added new  email template #9
2016-01-12 07:37:16 INFO (6): Added new  email template #10
2016-01-12 07:37:16 INFO (6): Added new  email template #11
2016-01-12 07:37:16 INFO (6): Added new  email template #12
2016-01-12 07:37:16 INFO (6): Added new  email template #13
2016-01-12 07:37:16 INFO (6): Added new  email template #14
2016-01-12 07:37:16 INFO (6): Added new  email template #15
2016-01-12 07:37:16 INFO (6): Added new  email template #16
2016-01-12 07:37:16 INFO (6): Added new  email template #17
2016-01-12 07:37:16 INFO (6): Added new  email template #18
2016-01-12 07:37:16 INFO (6): Added new  email template #19
2016-01-12 07:37:16 INFO (6): Added new  email template #20
2016-01-12 07:37:16 INFO (6): Added new  email template #21
2016-01-12 07:37:16 INFO (6): Added new  email template #22
2016-01-12 07:37:16 INFO (6): Added new  email template #23
2016-01-12 07:37:16 INFO (6): Added new  email template #24
2016-01-12 07:37:16 INFO (6): Added new  email template #25
2016-01-12 07:37:16 INFO (6): Added new  email template #26
2016-01-12 07:37:16 INFO (6): Added new  email template #27
2016-01-12 07:37:16 INFO (6): Added new  email template #28
2016-01-12 07:37:16 INFO (6): Added new  email template #29
2016-01-12 07:37:16 INFO (6): Added new  email template #30
2016-01-12 07:37:16 INFO (6): Added new  email template #31
2016-01-12 07:37:16 INFO (6): Added new  email template #32
2016-01-12 07:37:16 INFO (6): Added new  email template #33
2016-01-12 07:37:16 INFO (6): Added new  email template #34
2016-01-12 07:37:16 INFO (6): Added new  email template #35
2016-01-12 07:37:16 INFO (6): Added new  email template #36
2016-01-12 07:37:16 INFO (6): Added new  email template #37
2016-01-12 07:37:16 INFO (6): Added new  email template #38
2016-01-12 07:37:16 INFO (6): Added new  email template #39
2016-01-12 07:37:16 INFO (6): Added new  email template #40
2016-01-12 07:37:16 INFO (6): Added new  email template #41
2016-01-12 07:37:16 INFO (6): Added new  email template #42
2016-01-12 07:37:16 INFO (6): Added new  email template #43
2016-01-12 07:37:16 INFO (6): Added new  email template #44
2016-01-12 07:37:16 INFO (6): Added new  email template #45
2016-01-12 07:37:16 INFO (6): Added new  email template #46
2016-01-12 07:37:16 INFO (6): Added new  email template #47
2016-01-12 07:37:16 INFO (6): Generated email templates for installed extensions
2016-01-12 07:40:46 INFO (6): Staff member 1 logged in
2016-01-12 07:44:11 INFO (6): Created new client #1
2016-01-12 07:44:21 INFO (6): Client #1 logged in
2016-01-12 07:52:14 INFO (6): Installed new payment gateway MoneyBookers
2016-01-12 07:55:38 INFO (6): Updated payment gateway MoneyBookers
2016-01-12 07:56:25 INFO (6): Added "Domains registration and transfer" to shopping cart
2016-01-12 07:56:31 INFO (6): Prepared new invoice "1"
2016-01-12 07:56:31 INFO (6): Approved invoice "1"
2016-01-12 07:56:31 INFO (6): Checked out shopping cart
2016-01-12 07:56:31 INFO (6): Went to pay for invoice #1 via MoneyBookers
2016-01-12 07:56:31 INFO (6): Went to pay for invoice #1 via MoneyBookers
2016-01-12 08:17:32 INFO (6): Went to pay for invoice #1 via MoneyBookers
2016-01-12 08:21:01 INFO (6): Activated order #1
2016-01-12 08:21:01 INFO (6): Marked invoice "1" as paid
